<?xml version="1.0" encoding="UTF-8"?>
<!-- Generated by org.testng.reporters.JUnitReportReporter -->
<testsuite skipped="1" hostname="wei-VirtualBox" name="wei.web.resource.OrderResourceTest" tests="1" failures="0" timestamp="27 Mar 2019 03:05:06 GMT" time="0.000" errors="0">
  <testcase name="testNonNumericOrderId" time="0.000" classname="wei.web.resource.OrderResourceTest">
    <skipped/>
  </testcase> <!-- testNonNumericOrderId -->
</testsuite> <!-- wei.web.resource.OrderResourceTest -->
