<?xml version="1.0" encoding="UTF-8"?>
<!-- Generated by org.testng.reporters.JUnitReportReporter -->
<testsuite skipped="0" hostname="wei-VirtualBox" name="wei.web.resource.TestOrderResource" tests="2" failures="0" timestamp="27 Mar 2019 03:05:05 GMT" time="0.256" errors="0">
  <testcase name="testOrderRe" time="0.248" classname="wei.web.resource.TestOrderResource"/>
  <testcase name="testOrderResource" time="0.008" classname="wei.web.resource.TestOrderResource"/>
</testsuite> <!-- wei.web.resource.TestOrderResource -->
